<?xml version="1.0" encoding="UTF-8"?>
<!-- Generated by org.testng.reporters.JUnitReportReporter -->
<testsuite hostname="KARTIK-SHARMA" failures="0" tests="2" name="tests.DashboardTest" time="5.563" errors="0" timestamp="2025-07-17T14:58:46 IST" skipped="0">
  <testcase classname="tests.DashboardTest" name="loginToPaidline" time="5.553"/>
  <testcase classname="tests.DashboardTest" name="verifyDashboardData" time="0.010"/>
</testsuite> <!-- tests.DashboardTest -->
