<?xml version="1.0" encoding="UTF-8"?>
<!-- Generated by org.testng.reporters.JUnitReportReporter -->
<testsuite hostname="KARTIK-SHARMA" failures="0" tests="3" name="tests.HelpTest" time="15.302" errors="0" timestamp="2025-07-14T15:17:56 IST" skipped="0">
  <testcase classname="tests.HelpTest" name="loginToApp" time="4.028"/>
  <testcase classname="tests.HelpTest" name="testSubmitFeedback" time="6.634"/>
  <testcase classname="tests.HelpTest" name="testSubmitRaiseTicket" time="4.640"/>
</testsuite> <!-- tests.HelpTest -->
