<?xml version="1.0" encoding="UTF-8"?>
<!-- Generated by org.testng.reporters.JUnitReportReporter -->
<testsuite hostname="KARTIK-SHARMA" failures="0" tests="3" name="tests.DashboardTest" time="33.424" errors="0" timestamp="2025-07-24T09:34:04 IST" skipped="0">
  <testcase classname="tests.DashboardTest" name="verifyDashboardData" time="1.276"/>
  <testcase classname="tests.DashboardTest" name="verifyDashboardFunctionality" time="9.584"/>
  <testcase classname="tests.DashboardTest" name="verifySidebarNavigationAndGraph" time="22.564"/>
</testsuite> <!-- tests.DashboardTest -->
