<?xml version="1.0" encoding="UTF-8"?>
<!-- Generated by org.testng.reporters.JUnitReportReporter -->
<testsuite hostname="KARTIK-SHARMA" failures="0" tests="1" name="tests.YourNumberTest" time="2.280" errors="0" timestamp="2025-07-24T13:35:46 IST" skipped="0">
  <testcase classname="tests.YourNumberTest" name="verifyAndUpdateYourNumberSettings" time="2.280"/>
</testsuite> <!-- tests.YourNumberTest -->
