<?xml version="1.0" encoding="UTF-8"?>
<!-- Generated by org.testng.reporters.JUnitReportReporter -->
<testsuite hostname="KARTIK-SHARMA" failures="0" tests="2" name="tests.CallsTest" time="18.621" errors="0" timestamp="2025-08-05T11:03:54 IST" skipped="0">
  <testcase classname="tests.CallsTest" name="verifyVendorCallsPageAndFilters" time="10.218"/>
  <testcase classname="tests.CallsTest" name="verifyClientCallsPageAndFilters" time="8.403"/>
</testsuite> <!-- tests.CallsTest -->
