<?xml version="1.0" encoding="UTF-8"?>
<!-- Generated by org.testng.reporters.JUnitReportReporter -->
<testsuite hostname="KARTIK-SHARMA" failures="0" tests="5" name="tests.E2E" time="38.206" errors="0" timestamp="2025-07-16T08:58:09 IST" skipped="0">
  <testcase classname="tests.E2E" name="signInWithValidCredentials" time="0.814"/>
  <testcase classname="tests.E2E" name="verifyDashboard" time="25.722"/>
  <testcase classname="tests.E2E" name="testSubmitFeedback" time="6.680"/>
  <testcase classname="tests.E2E" name="testSubmitRaiseTicket" time="4.784"/>
  <testcase classname="tests.E2E" name="verifyLogoutFunctionality" time="0.206"/>
</testsuite> <!-- tests.E2E -->
