<?xml version="1.0" encoding="UTF-8"?>
<!-- Generated by org.testng.reporters.JUnitReportReporter -->
<testsuite hostname="KARTIK-SHARMA" failures="0" tests="3" name="tests.DashboardTest" time="32.618" errors="0" timestamp="2025-07-28T12:07:18 IST" skipped="0">
  <testcase classname="tests.DashboardTest" name="verifyDashboardData" time="0.311"/>
  <testcase classname="tests.DashboardTest" name="verifyDashboardFunctionality" time="9.757"/>
  <testcase classname="tests.DashboardTest" name="verifySidebarNavigationAndGraph" time="22.550"/>
</testsuite> <!-- tests.DashboardTest -->
