<?xml version="1.0" encoding="UTF-8"?>
<!-- Generated by org.testng.reporters.JUnitReportReporter -->
<testsuite hostname="KARTIK-SHARMA" failures="0" tests="3" name="tests.HelpTest" time="0.725" errors="0" timestamp="2025-07-15T14:05:39 IST" skipped="0">
  <testcase classname="tests.HelpTest" name="loginToApp" time="0.605"/>
  <testcase classname="tests.HelpTest" name="testSubmitFeedback" time="0.087"/>
  <testcase classname="tests.HelpTest" name="testSubmitRaiseTicket" time="0.033"/>
</testsuite> <!-- tests.HelpTest -->
